This is pdfTeX, Version 3.141592653-2.6-1.40.23 (TeX Live 2021/W32TeX) (preloaded format=pdflatex 2021.10.20)  17 NOV 2021 16:18
entering extended mode
 restricted \write18 enabled.
 %&-line parsing enabled.
**MSB205_King_County_Silje_Sofie_Karl-Gunnnar.tex
(./MSB205_King_County_Silje_Sofie_Karl-Gunnnar.tex
LaTeX2e <2021-06-01> patch level 1
L3 programming layer <2021-10-18> (c:/Users/bruker/AppData/Roaming/TinyTeX/texm
f-dist/tex/latex/base/article.cls
Document Class: article 2021/02/12 v1.4n Standard LaTeX document class
(c:/Users/bruker/AppData/Roaming/TinyTeX/texmf-dist/tex/latex/base/size12.clo
File: size12.clo 2021/02/12 v1.4n Standard LaTeX file (size option)
)
\c@part=\count182
\c@section=\count183
\c@subsection=\count184
\c@subsubsection=\count185
\c@paragraph=\count186
\c@subparagraph=\count187
\c@figure=\count188
\c@table=\count189
\abovecaptionskip=\skip47
\belowcaptionskip=\skip48
\bibindent=\dimen138
)
(c:/Users/bruker/AppData/Roaming/TinyTeX/texmf-dist/tex/latex/etoolbox/etoolbox
.sty
Package: etoolbox 2020/10/05 v2.5k e-TeX tools for LaTeX (JAW)
\etb@tempcnta=\count190
)
(c:/Users/bruker/AppData/Roaming/TinyTeX/texmf-dist/tex/latex/amsmath/amsmath.s
ty
Package: amsmath 2021/04/20 v2.17j AMS math features
\@mathmargin=\skip49
For additional information on amsmath, use the `?' option.

(c:/Users/bruker/AppData/Roaming/TinyTeX/texmf-dist/tex/latex/amsmath/amstext.s
ty
Package: amstext 2000/06/29 v2.01 AMS text

(c:/Users/bruker/AppData/Roaming/TinyTeX/texmf-dist/tex/latex/amsmath/amsgen.st
y
File: amsgen.sty 1999/11/30 v2.0 generic functions
\@emptytoks=\toks16
\ex@=\dimen139
))
(c:/Users/bruker/AppData/Roaming/TinyTeX/texmf-dist/tex/latex/amsmath/amsbsy.st
y
Package: amsbsy 1999/11/29 v1.2d Bold Symbols
\pmbraise@=\dimen140
)
(c:/Users/bruker/AppData/Roaming/TinyTeX/texmf-dist/tex/latex/amsmath/amsopn.st
y
Package: amsopn 2016/03/08 v2.02 operator names
)
\inf@bad=\count191
LaTeX Info: Redefining \frac on input line 234.
\uproot@=\count192
\leftroot@=\count193
LaTeX Info: Redefining \overline on input line 399.
\classnum@=\count194
\DOTSCASE@=\count195
LaTeX Info: Redefining \ldots on input line 496.
LaTeX Info: Redefining \dots on input line 499.
LaTeX Info: Redefining \cdots on input line 620.
\Mathstrutbox@=\box50
\strutbox@=\box51
\big@size=\dimen141
LaTeX Font Info:    Redeclaring font encoding OML on input line 743.
LaTeX Font Info:    Redeclaring font encoding OMS on input line 744.
\macc@depth=\count196
\c@MaxMatrixCols=\count197
\dotsspace@=\muskip16
\c@parentequation=\count198
\dspbrk@lvl=\count199
\tag@help=\toks17
\row@=\count266
\column@=\count267
\maxfields@=\count268
\andhelp@=\toks18
\eqnshift@=\dimen142
\alignsep@=\dimen143
\tagshift@=\dimen144
\tagwidth@=\dimen145
\totwidth@=\dimen146
\lineht@=\dimen147
\@envbody=\toks19
\multlinegap=\skip50
\multlinetaggap=\skip51
\mathdisplay@stack=\toks20
LaTeX Info: Redefining \[ on input line 2923.
LaTeX Info: Redefining \] on input line 2924.
)
(c:/Users/bruker/AppData/Roaming/TinyTeX/texmf-dist/tex/latex/amsfonts/amssymb.
sty
Package: amssymb 2013/01/14 v3.01 AMS font symbols

(c:/Users/bruker/AppData/Roaming/TinyTeX/texmf-dist/tex/latex/amsfonts/amsfonts
.sty
Package: amsfonts 2013/01/14 v3.01 Basic AMSFonts support
\symAMSa=\mathgroup4
\symAMSb=\mathgroup5
LaTeX Font Info:    Redeclaring math symbol \hbar on input line 98.
LaTeX Font Info:    Overwriting math alphabet `\mathfrak' in version `bold'
(Font)                  U/euf/m/n --> U/euf/b/n on input line 106.
)) (c:/Users/bruker/AppData/Roaming/TinyTeX/texmf-dist/tex/latex/lm/lmodern.sty
Package: lmodern 2015/05/01 v1.6.1 Latin Modern Fonts
LaTeX Font Info:    Overwriting symbol font `operators' in version `normal'
(Font)                  OT1/cmr/m/n --> OT1/lmr/m/n on input line 22.
LaTeX Font Info:    Overwriting symbol font `letters' in version `normal'
(Font)                  OML/cmm/m/it --> OML/lmm/m/it on input line 23.
LaTeX Font Info:    Overwriting symbol font `symbols' in version `normal'
(Font)                  OMS/cmsy/m/n --> OMS/lmsy/m/n on input line 24.
LaTeX Font Info:    Overwriting symbol font `largesymbols' in version `normal'
(Font)                  OMX/cmex/m/n --> OMX/lmex/m/n on input line 25.
LaTeX Font Info:    Overwriting symbol font `operators' in version `bold'
(Font)                  OT1/cmr/bx/n --> OT1/lmr/bx/n on input line 26.
LaTeX Font Info:    Overwriting symbol font `letters' in version `bold'
(Font)                  OML/cmm/b/it --> OML/lmm/b/it on input line 27.
LaTeX Font Info:    Overwriting symbol font `symbols' in version `bold'
(Font)                  OMS/cmsy/b/n --> OMS/lmsy/b/n on input line 28.
LaTeX Font Info:    Overwriting symbol font `largesymbols' in version `bold'
(Font)                  OMX/cmex/m/n --> OMX/lmex/m/n on input line 29.
LaTeX Font Info:    Overwriting math alphabet `\mathbf' in version `normal'
(Font)                  OT1/cmr/bx/n --> OT1/lmr/bx/n on input line 31.
LaTeX Font Info:    Overwriting math alphabet `\mathsf' in version `normal'
(Font)                  OT1/cmss/m/n --> OT1/lmss/m/n on input line 32.
LaTeX Font Info:    Overwriting math alphabet `\mathit' in version `normal'
(Font)                  OT1/cmr/m/it --> OT1/lmr/m/it on input line 33.
LaTeX Font Info:    Overwriting math alphabet `\mathtt' in version `normal'
(Font)                  OT1/cmtt/m/n --> OT1/lmtt/m/n on input line 34.
LaTeX Font Info:    Overwriting math alphabet `\mathbf' in version `bold'
(Font)                  OT1/cmr/bx/n --> OT1/lmr/bx/n on input line 35.
LaTeX Font Info:    Overwriting math alphabet `\mathsf' in version `bold'
(Font)                  OT1/cmss/bx/n --> OT1/lmss/bx/n on input line 36.
LaTeX Font Info:    Overwriting math alphabet `\mathit' in version `bold'
(Font)                  OT1/cmr/bx/it --> OT1/lmr/bx/it on input line 37.
LaTeX Font Info:    Overwriting math alphabet `\mathtt' in version `bold'
(Font)                  OT1/cmtt/m/n --> OT1/lmtt/m/n on input line 38.
)
(c:/Users/bruker/AppData/Roaming/TinyTeX/texmf-dist/tex/latex/setspace/setspace
.sty
Package: setspace 2011/12/19 v6.7a set line spacing
)
(c:/Users/bruker/AppData/Roaming/TinyTeX/texmf-dist/tex/generic/iftex/iftex.sty
Package: iftex 2020/03/06 v1.0d TeX engine tests
) (c:/Users/bruker/AppData/Roaming/TinyTeX/texmf-dist/tex/latex/base/fontenc.st
y
Package: fontenc 2021/04/29 v2.0v Standard LaTeX package
LaTeX Font Info:    Trying to load font information for T1+lmr on input line 11
2.
(c:/Users/bruker/AppData/Roaming/TinyTeX/texmf-dist/tex/latex/lm/t1lmr.fd
File: t1lmr.fd 2015/05/01 v1.6.1 Font defs for Latin Modern
))
(c:/Users/bruker/AppData/Roaming/TinyTeX/texmf-dist/tex/latex/base/inputenc.sty
Package: inputenc 2021/02/14 v1.3d Input encoding file
\inpenc@prehook=\toks21
\inpenc@posthook=\toks22
)
(c:/Users/bruker/AppData/Roaming/TinyTeX/texmf-dist/tex/latex/base/textcomp.sty
Package: textcomp 2020/02/02 v2.0n Standard LaTeX package
)
(c:/Users/bruker/AppData/Roaming/TinyTeX/texmf-dist/tex/latex/xcolor/xcolor.sty
Package: xcolor 2021/10/31 v2.13 LaTeX color extensions (UK)

(c:/Users/bruker/AppData/Roaming/TinyTeX/texmf-dist/tex/latex/graphics-cfg/colo
r.cfg
File: color.cfg 2016/01/02 v1.6 sample color configuration
)
Package xcolor Info: Driver file: pdftex.def on input line 227.

(c:/Users/bruker/AppData/Roaming/TinyTeX/texmf-dist/tex/latex/graphics-def/pdft
ex.def
File: pdftex.def 2020/10/05 v1.2a Graphics/color driver for pdftex
)
Package xcolor Info: Model `cmy' substituted by `cmy0' on input line 1352.
Package xcolor Info: Model `hsb' substituted by `rgb' on input line 1356.
Package xcolor Info: Model `RGB' extended on input line 1368.
Package xcolor Info: Model `HTML' substituted by `rgb' on input line 1370.
Package xcolor Info: Model `Hsb' substituted by `hsb' on input line 1371.
Package xcolor Info: Model `tHsb' substituted by `hsb' on input line 1372.
Package xcolor Info: Model `HSB' substituted by `hsb' on input line 1373.
Package xcolor Info: Model `Gray' substituted by `gray' on input line 1374.
Package xcolor Info: Model `wave' substituted by `hsb' on input line 1375.
)
(c:/Users/bruker/AppData/Roaming/TinyTeX/texmf-dist/tex/latex/hyperref/hyperref
.sty
Package: hyperref 2021-06-07 v7.00m Hypertext links for LaTeX

(c:/Users/bruker/AppData/Roaming/TinyTeX/texmf-dist/tex/generic/ltxcmds/ltxcmds
.sty
Package: ltxcmds 2020-05-10 v1.25 LaTeX kernel commands for general use (HO)
)
(c:/Users/bruker/AppData/Roaming/TinyTeX/texmf-dist/tex/generic/pdftexcmds/pdft
excmds.sty
Package: pdftexcmds 2020-06-27 v0.33 Utility functions of pdfTeX for LuaTeX (HO
)

(c:/Users/bruker/AppData/Roaming/TinyTeX/texmf-dist/tex/generic/infwarerr/infwa
rerr.sty
Package: infwarerr 2019/12/03 v1.5 Providing info/warning/error messages (HO)
)
Package pdftexcmds Info: \pdf@primitive is available.
Package pdftexcmds Info: \pdf@ifprimitive is available.
Package pdftexcmds Info: \pdfdraftmode found.
)
(c:/Users/bruker/AppData/Roaming/TinyTeX/texmf-dist/tex/latex/graphics/keyval.s
ty
Package: keyval 2014/10/28 v1.15 key=value parser (DPC)
\KV@toks@=\toks23
)
(c:/Users/bruker/AppData/Roaming/TinyTeX/texmf-dist/tex/generic/kvsetkeys/kvset
keys.sty
Package: kvsetkeys 2019/12/15 v1.18 Key value parser (HO)
)
(c:/Users/bruker/AppData/Roaming/TinyTeX/texmf-dist/tex/generic/kvdefinekeys/kv
definekeys.sty
Package: kvdefinekeys 2019-12-19 v1.6 Define keys (HO)
)
(c:/Users/bruker/AppData/Roaming/TinyTeX/texmf-dist/tex/generic/pdfescape/pdfes
cape.sty
Package: pdfescape 2019/12/09 v1.15 Implements pdfTeX's escape features (HO)
)
(c:/Users/bruker/AppData/Roaming/TinyTeX/texmf-dist/tex/latex/hycolor/hycolor.s
ty
Package: hycolor 2020-01-27 v1.10 Color options for hyperref/bookmark (HO)
)
(c:/Users/bruker/AppData/Roaming/TinyTeX/texmf-dist/tex/latex/letltxmacro/letlt
xmacro.sty
Package: letltxmacro 2019/12/03 v1.6 Let assignment for LaTeX macros (HO)
)
(c:/Users/bruker/AppData/Roaming/TinyTeX/texmf-dist/tex/latex/auxhook/auxhook.s
ty
Package: auxhook 2019-12-17 v1.6 Hooks for auxiliary files (HO)
)
(c:/Users/bruker/AppData/Roaming/TinyTeX/texmf-dist/tex/latex/kvoptions/kvoptio
ns.sty
Package: kvoptions 2020-10-07 v3.14 Key value format for package options (HO)
)
\@linkdim=\dimen148
\Hy@linkcounter=\count269
\Hy@pagecounter=\count270

(c:/Users/bruker/AppData/Roaming/TinyTeX/texmf-dist/tex/latex/hyperref/pd1enc.d
ef
File: pd1enc.def 2021-06-07 v7.00m Hyperref: PDFDocEncoding definition (HO)
Now handling font encoding PD1 ...
... no UTF-8 mapping file for font encoding PD1
)
(c:/Users/bruker/AppData/Roaming/TinyTeX/texmf-dist/tex/latex/hyperref/hyperref
-langpatches.def
File: hyperref-langpatches.def 2021-06-07 v7.00m Hyperref: patches for babel la
nguages
)
(c:/Users/bruker/AppData/Roaming/TinyTeX/texmf-dist/tex/generic/intcalc/intcalc
.sty
Package: intcalc 2019/12/15 v1.3 Expandable calculations with integers (HO)
)
(c:/Users/bruker/AppData/Roaming/TinyTeX/texmf-dist/tex/generic/etexcmds/etexcm
ds.sty
Package: etexcmds 2019/12/15 v1.7 Avoid name clashes with e-TeX commands (HO)
)
\Hy@SavedSpaceFactor=\count271

(c:/Users/bruker/AppData/Roaming/TinyTeX/texmf-dist/tex/latex/hyperref/puenc.de
f
File: puenc.def 2021-06-07 v7.00m Hyperref: PDF Unicode definition (HO)
Now handling font encoding PU ...
... no UTF-8 mapping file for font encoding PU
)
Package hyperref Info: Option `unicode' set `true' on input line 4073.
Package hyperref Info: Hyper figures OFF on input line 4192.
Package hyperref Info: Link nesting OFF on input line 4197.
Package hyperref Info: Hyper index ON on input line 4200.
Package hyperref Info: Plain pages OFF on input line 4207.
Package hyperref Info: Backreferencing OFF on input line 4212.
Package hyperref Info: Implicit mode ON; LaTeX internals redefined.
Package hyperref Info: Bookmarks ON on input line 4445.
\c@Hy@tempcnt=\count272
(c:/Users/bruker/AppData/Roaming/TinyTeX/texmf-dist/tex/latex/url/url.sty
\Urlmuskip=\muskip17
Package: url 2013/09/16  ver 3.4  Verb mode for urls, etc.
)
LaTeX Info: Redefining \url on input line 4804.
\XeTeXLinkMargin=\dimen149

(c:/Users/bruker/AppData/Roaming/TinyTeX/texmf-dist/tex/generic/bitset/bitset.s
ty
Package: bitset 2019/12/09 v1.3 Handle bit-vector datatype (HO)

(c:/Users/bruker/AppData/Roaming/TinyTeX/texmf-dist/tex/generic/bigintcalc/bigi
ntcalc.sty
Package: bigintcalc 2019/12/15 v1.5 Expandable calculations on big integers (HO
)
))
\Fld@menulength=\count273
\Field@Width=\dimen150
\Fld@charsize=\dimen151
Package hyperref Info: Hyper figures OFF on input line 6076.
Package hyperref Info: Link nesting OFF on input line 6081.
Package hyperref Info: Hyper index ON on input line 6084.
Package hyperref Info: backreferencing OFF on input line 6091.
Package hyperref Info: Link coloring OFF on input line 6096.
Package hyperref Info: Link coloring with OCG OFF on input line 6101.
Package hyperref Info: PDF/A mode OFF on input line 6106.
LaTeX Info: Redefining \ref on input line 6146.
LaTeX Info: Redefining \pageref on input line 6150.

(c:/Users/bruker/AppData/Roaming/TinyTeX/texmf-dist/tex/latex/base/atbegshi-ltx
.sty
Package: atbegshi-ltx 2021/01/10 v1.0c Emulation of the original atbegshi
package with kernel methods
)
\Hy@abspage=\count274
\c@Item=\count275
\c@Hfootnote=\count276
)
Package hyperref Info: Driver (autodetected): hpdftex.

(c:/Users/bruker/AppData/Roaming/TinyTeX/texmf-dist/tex/latex/hyperref/hpdftex.
def
File: hpdftex.def 2021-06-07 v7.00m Hyperref driver for pdfTeX

(c:/Users/bruker/AppData/Roaming/TinyTeX/texmf-dist/tex/latex/base/atveryend-lt
x.sty
Package: atveryend-ltx 2020/08/19 v1.0a Emulation of the original atvery packag
e
with kernel methods
)
\Fld@listcount=\count277
\c@bookmark@seq@number=\count278

(c:/Users/bruker/AppData/Roaming/TinyTeX/texmf-dist/tex/latex/rerunfilecheck/re
runfilecheck.sty
Package: rerunfilecheck 2019/12/05 v1.9 Rerun checks for auxiliary files (HO)

(c:/Users/bruker/AppData/Roaming/TinyTeX/texmf-dist/tex/generic/uniquecounter/u
niquecounter.sty
Package: uniquecounter 2019/12/15 v1.4 Provide unlimited unique counter (HO)
)
Package uniquecounter Info: New unique counter `rerunfilecheck' on input line 2
86.
)
\Hy@SectionHShift=\skip52
)
(c:/Users/bruker/AppData/Roaming/TinyTeX/texmf-dist/tex/latex/geometry/geometry
.sty
Package: geometry 2020/01/02 v5.9 Page Geometry

(c:/Users/bruker/AppData/Roaming/TinyTeX/texmf-dist/tex/generic/iftex/ifvtex.st
y
Package: ifvtex 2019/10/25 v1.7 ifvtex legacy package. Use iftex instead.
)
\Gm@cnth=\count279
\Gm@cntv=\count280
\c@Gm@tempcnt=\count281
\Gm@bindingoffset=\dimen152
\Gm@wd@mp=\dimen153
\Gm@odd@mp=\dimen154
\Gm@even@mp=\dimen155
\Gm@layoutwidth=\dimen156
\Gm@layoutheight=\dimen157
\Gm@layouthoffset=\dimen158
\Gm@layoutvoffset=\dimen159
\Gm@dimlist=\toks24
)
(c:/Users/bruker/AppData/Roaming/TinyTeX/texmf-dist/tex/latex/fancyvrb/fancyvrb
.sty
Package: fancyvrb 2021/10/15 v3.9 verbatim text (tvz,hv)
\FV@CodeLineNo=\count282
\FV@InFile=\read2
\FV@TabBox=\box52
\c@FancyVerbLine=\count283
\FV@StepNumber=\count284
\FV@OutFile=\write3
)
(c:/Users/bruker/AppData/Roaming/TinyTeX/texmf-dist/tex/latex/framed/framed.sty
Package: framed 2011/10/22 v 0.96: framed or shaded text with page breaks
\OuterFrameSep=\skip53
\fb@frw=\dimen160
\fb@frh=\dimen161
\FrameRule=\dimen162
\FrameSep=\dimen163
)
(c:/Users/bruker/AppData/Roaming/TinyTeX/texmf-dist/tex/latex/graphics/graphicx
.sty
Package: graphicx 2020/12/05 v1.2c Enhanced LaTeX Graphics (DPC,SPQR)

(c:/Users/bruker/AppData/Roaming/TinyTeX/texmf-dist/tex/latex/graphics/graphics
.sty
Package: graphics 2021/03/04 v1.4d Standard LaTeX Graphics (DPC,SPQR)

(c:/Users/bruker/AppData/Roaming/TinyTeX/texmf-dist/tex/latex/graphics/trig.sty
Package: trig 2016/01/03 v1.10 sin cos tan (DPC)
)
(c:/Users/bruker/AppData/Roaming/TinyTeX/texmf-dist/tex/latex/graphics-cfg/grap
hics.cfg
File: graphics.cfg 2016/06/04 v1.11 sample graphics configuration
)
Package graphics Info: Driver file: pdftex.def on input line 107.
)
\Gin@req@height=\dimen164
\Gin@req@width=\dimen165
)
\cslhangindent=\skip54
\csllabelwidth=\skip55
\cslentryspacingunit=\skip56
(c:/Users/bruker/AppData/Roaming/TinyTeX/texmf-dist/tex/latex/tools/calc.sty
Package: calc 2017/05/25 v4.3 Infix arithmetic (KKT,FJ)
\calc@Acount=\count285
\calc@Bcount=\count286
\calc@Adimen=\dimen166
\calc@Bdimen=\dimen167
\calc@Askip=\skip57
\calc@Bskip=\skip58
LaTeX Info: Redefining \setlength on input line 80.
LaTeX Info: Redefining \addtolength on input line 81.
\calc@Ccount=\count287
\calc@Cskip=\skip59
)
(c:/Users/bruker/AppData/Roaming/TinyTeX/texmf-dist/tex/latex/fancyhdr/fancyhdr
.sty
Package: fancyhdr 2021/01/28 v4.0.1 Extensive control of page headers and foote
rs
\f@nch@headwidth=\skip60
\f@nch@O@elh=\skip61
\f@nch@O@erh=\skip62
\f@nch@O@olh=\skip63
\f@nch@O@orh=\skip64
\f@nch@O@elf=\skip65
\f@nch@O@erf=\skip66
\f@nch@O@olf=\skip67
\f@nch@O@orf=\skip68
)
(c:/Users/bruker/AppData/Roaming/TinyTeX/texmf-dist/tex/latex/sectsty/sectsty.s
ty
Package: sectsty 2002/02/25 v2.0.2 Commands to change all sectional heading sty
les

LaTeX Warning: Command \underbar  has changed.
               Check if current package is valid.


LaTeX Warning: Command \underline  has changed.
               Check if current package is valid.

)
(c:/Users/bruker/AppData/Roaming/TinyTeX/texmf-dist/tex/latex/titling/titling.s
ty
Package: titling 2009/09/04 v2.1d maketitle typesetting
\thanksmarkwidth=\skip69
\thanksmargin=\skip70
\droptitle=\skip71
) (c:/Users/bruker/AppData/Roaming/TinyTeX/texmf-dist/tex/latex/tools/array.sty
Package: array 2021/04/20 v2.5e Tabular extension package (FMi)
\col@sep=\dimen168
\ar@mcellbox=\box53
\extrarowheight=\dimen169
\NC@list=\toks25
\extratabsurround=\skip72
\backup@length=\skip73
\ar@cellbox=\box54
)
(c:/Users/bruker/AppData/Roaming/TinyTeX/texmf-dist/tex/latex/caption/caption.s
ty
Package: caption 2020/10/26 v3.5g Customizing captions (AR)

(c:/Users/bruker/AppData/Roaming/TinyTeX/texmf-dist/tex/latex/caption/caption3.
sty
Package: caption3 2020/10/21 v2.2e caption3 kernel (AR)
\captionmargin=\dimen170
\captionmargin@=\dimen171
\captionwidth=\dimen172
\caption@tempdima=\dimen173
\caption@indent=\dimen174
\caption@parindent=\dimen175
\caption@hangindent=\dimen176
Package caption Info: Standard document class detected.
)
\c@caption@flags=\count288
\c@continuedfloat=\count289
Package caption Info: hyperref package is loaded.
)
(c:/Users/bruker/AppData/Roaming/TinyTeX/texmf-dist/tex/latex/siunitx/siunitx.s
ty
Package: siunitx 2021-10-26 v3.0.34 A comprehensive (SI) units package
\l__siunitx_angle_tmp_dim=\dimen177
\l__siunitx_angle_marker_box=\box55
\l__siunitx_angle_unit_box=\box56
\l__siunitx_compound_count_int=\count290
\l__siunitx_number_exponent_fixed_int=\count291
\l__siunitx_number_min_decimal_int=\count292
\l__siunitx_number_min_integer_int=\count293
\l__siunitx_number_round_precision_int=\count294
\l__siunitx_number_group_minimum_int=\count295
\l__siunitx_table_tmp_box=\box57
\l__siunitx_table_tmp_dim=\dimen178
\l__siunitx_table_column_width_dim=\dimen179
\l__siunitx_table_integer_box=\box58
\l__siunitx_table_decimal_box=\box59
\l__siunitx_table_before_box=\box60
\l__siunitx_table_after_box=\box61
\l__siunitx_table_before_dim=\dimen180
\l__siunitx_table_carry_dim=\dimen181
\l__siunitx_unit_tmp_int=\count296
\l__siunitx_unit_position_int=\count297
\l__siunitx_unit_total_int=\count298

(c:/Users/bruker/AppData/Roaming/TinyTeX/texmf-dist/tex/latex/l3packages/l3keys
2e/l3keys2e.sty
(c:/Users/bruker/AppData/Roaming/TinyTeX/texmf-dist/tex/latex/l3kernel/expl3.st
y
Package: expl3 2021-10-18 L3 programming layer (loader) 

(c:/Users/bruker/AppData/Roaming/TinyTeX/texmf-dist/tex/latex/l3backend/l3backe
nd-pdftex.def
File: l3backend-pdftex.def 2021-10-18 L3 backend support: PDF output (pdfTeX)
\l__color_backend_stack_int=\count299
\l__pdf_internal_box=\box62
))
Package: l3keys2e 2021-08-27 LaTeX2e option processing using LaTeX3 keys
)) (c:/Users/bruker/AppData/Roaming/TinyTeX/texmf-dist/tex/generic/ulem/ulem.st
y
\UL@box=\box63
\UL@hyphenbox=\box64
\UL@skip=\skip74
\UL@hook=\toks26
\UL@height=\dimen182
\UL@pe=\count300
\UL@pixel=\dimen183
\ULC@box=\box65
Package: ulem 2019/11/18
\ULdepth=\dimen184
)
(c:/Users/bruker/AppData/Roaming/TinyTeX/texmf-dist/tex/latex/colortbl/colortbl
.sty
Package: colortbl 2020/01/04 v1.0e Color table columns (DPC)
\everycr=\toks27
\minrowclearance=\skip75
)
(c:/Users/bruker/AppData/Roaming/TinyTeX/texmf-dist/tex/latex/multirow/multirow
.sty
Package: multirow 2021/03/15 v2.8 Span multiple rows of a table
\multirow@colwidth=\skip76
\multirow@cntb=\count301
\multirow@dima=\skip77
\bigstrutjot=\dimen185
) (c:/Users/bruker/AppData/Roaming/TinyTeX/texmf-dist/tex/latex/tools/hhline.st
y
Package: hhline 2020/01/04 v2.04 Table rule package (DPC)
)
(c:/Users/bruker/AppData/Roaming/TinyTeX/texmf-dist/tex/latex/tools/tabularx.st
y
Package: tabularx 2020/01/15 v2.11c `tabularx' package (DPC)
\TX@col@width=\dimen186
\TX@old@table=\dimen187
\TX@old@col=\dimen188
\TX@target=\dimen189
\TX@delta=\dimen190
\TX@cols=\count302
\TX@ftn=\toks28
)
(c:/Users/bruker/AppData/Roaming/TinyTeX/texmf-dist/tex/latex/threeparttable/th
reeparttable.sty
Package: threeparttable 2003/06/13  v 3.0
\@tempboxb=\box66
)
(c:/Users/bruker/AppData/Roaming/TinyTeX/texmf-dist/tex/latex/wrapfig/wrapfig.s
ty
\wrapoverhang=\dimen191
\WF@size=\dimen192
\c@WF@wrappedlines=\count303
\WF@box=\box67
\WF@everypar=\toks29
Package: wrapfig 2003/01/31  v 3.6
)
(c:/Users/bruker/AppData/Roaming/TinyTeX/texmf-dist/tex/latex/adjustbox/adjustb
ox.sty
Package: adjustbox 2020/08/19 v1.3 Adjusting TeX boxes (trim, clip, ...)

(c:/Users/bruker/AppData/Roaming/TinyTeX/texmf-dist/tex/latex/xkeyval/xkeyval.s
ty
Package: xkeyval 2020/11/20 v2.8 package option processing (HA)

(c:/Users/bruker/AppData/Roaming/TinyTeX/texmf-dist/tex/generic/xkeyval/xkeyval
.tex
(c:/Users/bruker/AppData/Roaming/TinyTeX/texmf-dist/tex/generic/xkeyval/xkvutil
s.tex
\XKV@toks=\toks30
\XKV@tempa@toks=\toks31
)
\XKV@depth=\count304
File: xkeyval.tex 2014/12/03 v2.7a key=value parser (HA)
))
(c:/Users/bruker/AppData/Roaming/TinyTeX/texmf-dist/tex/latex/adjustbox/adjcalc
.sty
Package: adjcalc 2012/05/16 v1.1 Provides advanced setlength with multiple back
-ends (calc, etex, pgfmath)
)
(c:/Users/bruker/AppData/Roaming/TinyTeX/texmf-dist/tex/latex/adjustbox/trimcli
p.sty
Package: trimclip 2020/08/19 v1.2 Trim and clip general TeX material

(c:/Users/bruker/AppData/Roaming/TinyTeX/texmf-dist/tex/latex/collectbox/collec
tbox.sty
Package: collectbox 2012/05/17 v0.4b Collect macro arguments as boxes
\collectedbox=\box68
)
\tc@llx=\dimen193
\tc@lly=\dimen194
\tc@urx=\dimen195
\tc@ury=\dimen196
Package trimclip Info: Using driver 'tc-pdftex.def'.

(c:/Users/bruker/AppData/Roaming/TinyTeX/texmf-dist/tex/latex/adjustbox/tc-pdft
ex.def
File: tc-pdftex.def 2019/01/04 v2.2 Clipping driver for pdftex
))
\adjbox@Width=\dimen197
\adjbox@Height=\dimen198
\adjbox@Depth=\dimen199
\adjbox@Totalheight=\dimen256
\adjbox@pwidth=\dimen257
\adjbox@pheight=\dimen258
\adjbox@pdepth=\dimen259
\adjbox@ptotalheight=\dimen260
)
(c:/Users/bruker/AppData/Roaming/TinyTeX/texmf-dist/tex/generic/babel/babel.sty
Package: babel 2021/10/19 3.65 The Babel package
\babel@savecnt=\count305
\U@D=\dimen261
\l@unhyphenated=\language3

(c:/Users/bruker/AppData/Roaming/TinyTeX/texmf-dist/tex/generic/babel/txtbabel.
def)
\bbl@readstream=\read3
\bbl@dirlevel=\count306

(c:/Users/bruker/AppData/Roaming/TinyTeX/texmf-dist/tex/generic/babel-norsk/nor
sk.ldf
Language: norsk 2012/08/06 v2.0i Norsk support from the babel system

Package babel Warning: No hyphenation patterns were preloaded for
(babel)                the language 'Norsk' into the format.
(babel)                Please, configure your TeX system to add them and
(babel)                rebuild the format. Now I will use the patterns
(babel)                preloaded for \language=0 instead on input line 49.

Package babel Info: Hyphen rules for 'norsk' set to \l@english
(babel)             (\language0). Reported on input line 50.
Package babel Info: Making " an active character on input line 113.
)
(c:/Users/bruker/AppData/Roaming/TinyTeX/texmf-dist/tex/generic/babel-norsk/nor
sk.ldf
Language: norsk 2012/08/06 v2.0i Norsk support from the babel system
)) (./MSB205_King_County_Silje_Sofie_Karl-Gunnnar.aux)
\openout1 = `MSB205_King_County_Silje_Sofie_Karl-Gunnnar.aux'.

LaTeX Font Info:    Checking defaults for OML/cmm/m/it on input line 182.
LaTeX Font Info:    ... okay on input line 182.
LaTeX Font Info:    Checking defaults for OMS/cmsy/m/n on input line 182.
LaTeX Font Info:    ... okay on input line 182.
LaTeX Font Info:    Checking defaults for OT1/cmr/m/n on input line 182.
LaTeX Font Info:    ... okay on input line 182.
LaTeX Font Info:    Checking defaults for T1/cmr/m/n on input line 182.
LaTeX Font Info:    ... okay on input line 182.
LaTeX Font Info:    Checking defaults for TS1/cmr/m/n on input line 182.
LaTeX Font Info:    ... okay on input line 182.
LaTeX Font Info:    Checking defaults for OMX/cmex/m/n on input line 182.
LaTeX Font Info:    ... okay on input line 182.
LaTeX Font Info:    Checking defaults for U/cmr/m/n on input line 182.
LaTeX Font Info:    ... okay on input line 182.
LaTeX Font Info:    Checking defaults for PD1/pdf/m/n on input line 182.
LaTeX Font Info:    ... okay on input line 182.
LaTeX Font Info:    Checking defaults for PU/pdf/m/n on input line 182.
LaTeX Font Info:    ... okay on input line 182.

(c:/Users/bruker/AppData/Roaming/TinyTeX/texmf-dist/tex/latex/epstopdf-pkg/epst
opdf-base.sty
Package: epstopdf-base 2020-01-24 v2.11 Base part for package epstopdf

(c:/Users/bruker/AppData/Roaming/TinyTeX/texmf-dist/tex/latex/grfext/grfext.sty
Package: grfext 2019/12/03 v1.3 Manage graphics extensions (HO)
)
Package epstopdf-base Info: Redefining graphics rule for `.eps' on input line 4
85.
Package grfext Info: Graphics extension search list:
(grfext)             [.pdf,.png,.jpg,.mps,.jpeg,.jbig2,.jb2,.PDF,.PNG,.JPG,.JPE
G,.JBIG2,.JB2,.eps]
(grfext)             \AppendGraphicsExtensions on input line 504.

(c:/Users/bruker/AppData/Roaming/TinyTeX/texmf-dist/tex/latex/latexconfig/epsto
pdf-sys.cfg
File: epstopdf-sys.cfg 2010/07/13 v1.3 Configuration of (r)epstopdf for TeX Liv
e
))
Package hyperref Info: Link coloring OFF on input line 182.

(c:/Users/bruker/AppData/Roaming/TinyTeX/texmf-dist/tex/latex/hyperref/nameref.
sty
Package: nameref 2021-04-02 v2.47 Cross-referencing by name of section

(c:/Users/bruker/AppData/Roaming/TinyTeX/texmf-dist/tex/latex/refcount/refcount
.sty
Package: refcount 2019/12/15 v3.6 Data extraction from label references (HO)
)
(c:/Users/bruker/AppData/Roaming/TinyTeX/texmf-dist/tex/generic/gettitlestring/
gettitlestring.sty
Package: gettitlestring 2019/12/15 v1.6 Cleanup title references (HO)
)
\c@section@level=\count307
)
LaTeX Info: Redefining \ref on input line 182.
LaTeX Info: Redefining \pageref on input line 182.
LaTeX Info: Redefining \nameref on input line 182.
(./MSB205_King_County_Silje_Sofie_Karl-Gunnnar.out) (./MSB205_King_County_Silje
_Sofie_Karl-Gunnnar.out)
\@outlinefile=\write4
\openout4 = `MSB205_King_County_Silje_Sofie_Karl-Gunnnar.out'.

*geometry* driver: auto-detecting
*geometry* detected driver: pdftex
*geometry* verbose mode - [ preamble ] result:
* driver: pdftex
* paper: <default>
* layout: <same size as paper>
* layoutoffset:(h,v)=(0.0pt,0.0pt)
* modes: twoside 
* h-part:(L,W,R)=(72.26999pt, 469.75502pt, 72.26999pt)
* v-part:(T,H,B)=(72.26999pt, 650.43001pt, 72.26999pt)
* \paperwidth=614.295pt
* \paperheight=794.96999pt
* \textwidth=469.75502pt
* \textheight=650.43001pt
* \oddsidemargin=0.0pt
* \evensidemargin=0.0pt
* \topmargin=-37.0pt
* \headheight=12.0pt
* \headsep=25.0pt
* \topskip=12.0pt
* \footskip=30.0pt
* \marginparwidth=95.0pt
* \marginparsep=10.0pt
* \columnsep=10.0pt
* \skip\footins=10.8pt plus 4.0pt minus 2.0pt
* \hoffset=0.0pt
* \voffset=0.0pt
* \mag=1000
* \@twocolumnfalse
* \@twosidetrue
* \@mparswitchtrue
* \@reversemarginfalse
* (1in=72.27pt=25.4mm, 1cm=28.453pt)

Package caption Info: Begin \AtBeginDocument code.
Package caption Info: threeparttable package is loaded.
Package caption Info: wrapfig package is loaded.
Package caption Info: End \AtBeginDocument code.
<hvl.jpg, id=116, 1204.5pt x 424.58624pt>
File: hvl.jpg Graphic file (type jpg)
<use hvl.jpg>
Package pdftex.def Info: hvl.jpg  used on input line 183.
(pdftex.def)             Requested size: 216.80064pt x 76.42223pt.
LaTeX Font Info:    Trying to load font information for OT1+lmr on input line 1
83.
(c:/Users/bruker/AppData/Roaming/TinyTeX/texmf-dist/tex/latex/lm/ot1lmr.fd
File: ot1lmr.fd 2015/05/01 v1.6.1 Font defs for Latin Modern
)
LaTeX Font Info:    Trying to load font information for OML+lmm on input line 1
83.
(c:/Users/bruker/AppData/Roaming/TinyTeX/texmf-dist/tex/latex/lm/omllmm.fd
File: omllmm.fd 2015/05/01 v1.6.1 Font defs for Latin Modern
)
LaTeX Font Info:    Trying to load font information for OMS+lmsy on input line 
183.
(c:/Users/bruker/AppData/Roaming/TinyTeX/texmf-dist/tex/latex/lm/omslmsy.fd
File: omslmsy.fd 2015/05/01 v1.6.1 Font defs for Latin Modern
)
LaTeX Font Info:    Trying to load font information for OMX+lmex on input line 
183.
(c:/Users/bruker/AppData/Roaming/TinyTeX/texmf-dist/tex/latex/lm/omxlmex.fd
File: omxlmex.fd 2015/05/01 v1.6.1 Font defs for Latin Modern
)
LaTeX Font Info:    External font `lmex10' loaded for size
(Font)              <14.4> on input line 183.
LaTeX Font Info:    External font `lmex10' loaded for size
(Font)              <10> on input line 183.
LaTeX Font Info:    External font `lmex10' loaded for size
(Font)              <7> on input line 183.
LaTeX Font Info:    Trying to load font information for U+msa on input line 183
.
(c:/Users/bruker/AppData/Roaming/TinyTeX/texmf-dist/tex/latex/amsfonts/umsa.fd
File: umsa.fd 2013/01/14 v3.01 AMS symbols A
)
LaTeX Font Info:    Trying to load font information for U+msb on input line 183
.
(c:/Users/bruker/AppData/Roaming/TinyTeX/texmf-dist/tex/latex/amsfonts/umsb.fd
File: umsb.fd 2013/01/14 v3.01 AMS symbols B
) [1

{c:/Users/bruker/AppData/Roaming/TinyTeX/texmf-var/fonts/map/pdftex/updmap/pdft
ex.map} <./hvl.jpg>] (./MSB205_King_County_Silje_Sofie_Karl-Gunnnar.toc
LaTeX Font Info:    External font `lmex10' loaded for size
(Font)              <12> on input line 7.
LaTeX Font Info:    External font `lmex10' loaded for size
(Font)              <8> on input line 7.
LaTeX Font Info:    External font `lmex10' loaded for size
(Font)              <6> on input line 7.

Package fancyhdr Warning: \headheight is too small (12.0pt): 
(fancyhdr)                Make it at least 14.49998pt, for example:
(fancyhdr)                \setlength{\headheight}{14.49998pt}.
(fancyhdr)                You might also make \topmargin smaller to compensate:

(fancyhdr)                \addtolength{\topmargin}{-2.49998pt}.

[2])
\tf@toc=\write5
\openout5 = `MSB205_King_County_Silje_Sofie_Karl-Gunnnar.toc'.


Package fancyhdr Warning: \headheight is too small (12.0pt): 
(fancyhdr)                Make it at least 14.49998pt, for example:
(fancyhdr)                \setlength{\headheight}{14.49998pt}.
(fancyhdr)                You might also make \topmargin smaller to compensate:

(fancyhdr)                \addtolength{\topmargin}{-2.49998pt}.

[3]

Package fancyhdr Warning: \headheight is too small (12.0pt): 
(fancyhdr)                Make it at least 14.49998pt, for example:
(fancyhdr)                \setlength{\headheight}{14.49998pt}.
(fancyhdr)                You might also make \topmargin smaller to compensate:

(fancyhdr)                \addtolength{\topmargin}{-2.49998pt}.

[4]

Package fancyhdr Warning: \headheight is too small (12.0pt): 
(fancyhdr)                Make it at least 14.49998pt, for example:
(fancyhdr)                \setlength{\headheight}{14.49998pt}.
(fancyhdr)                You might also make \topmargin smaller to compensate:

(fancyhdr)                \addtolength{\topmargin}{-2.49998pt}.

[5]
LaTeX Font Info:    Trying to load font information for T1+lmtt on input line 2
82.
(c:/Users/bruker/AppData/Roaming/TinyTeX/texmf-dist/tex/latex/lm/t1lmtt.fd
File: t1lmtt.fd 2015/05/01 v1.6.1 Font defs for Latin Modern
)

Package fancyhdr Warning: \headheight is too small (12.0pt): 
(fancyhdr)                Make it at least 14.49998pt, for example:
(fancyhdr)                \setlength{\headheight}{14.49998pt}.
(fancyhdr)                You might also make \topmargin smaller to compensate:

(fancyhdr)                \addtolength{\topmargin}{-2.49998pt}.

[6]
Overfull \hbox (1882.92114pt too wide) in paragraph at lines 361--361
[]\T1/lmtt/m/n/12 ## Reading layer `WADOH_Environmental_Health_Disparities_Inde
x_Calculated_for_King_County___wadohehdindex_area' from data source `C:\Users\b
ruker\Documents\Skole 2020\MSB205 - Termpaper\maps\WADOH_Environmental_Health_D
isparities_Index_Calculated_for_King_County___wadohehdindex_area\WADOH_Environm
ental_Health_Disparities_Index_Calculated_for_King_County___wadohehdindex_area.
shp'[] 
 []


Overfull \hbox (11.88121pt too wide) in paragraph at lines 361--361
[]\T1/lmtt/m/n/12 ## Bounding box:  xmin: -122.528 ymin: 47.08446 xmax: -121.06
57 ymax: 47.78058[] 
 []


Package fancyhdr Warning: \headheight is too small (12.0pt): 
(fancyhdr)                Make it at least 14.49998pt, for example:
(fancyhdr)                \setlength{\headheight}{14.49998pt}.
(fancyhdr)                You might also make \topmargin smaller to compensate:

(fancyhdr)                \addtolength{\topmargin}{-2.49998pt}.

[7]

Package fancyhdr Warning: \headheight is too small (12.0pt): 
(fancyhdr)                Make it at least 14.49998pt, for example:
(fancyhdr)                \setlength{\headheight}{14.49998pt}.
(fancyhdr)                You might also make \topmargin smaller to compensate:

(fancyhdr)                \addtolength{\topmargin}{-2.49998pt}.

[8]
Overfull \hbox (85.99525pt too wide) in paragraph at lines 463--463
[]\T1/lmtt/m/n/12 ##   `C:\Users\bruker\Documents\Skole 2020\MSB205 - Termpaper
\maps\censusSHP\tracts10.shp'[] 
 []


Overfull \hbox (123.04527pt too wide) in paragraph at lines 482--482
[]\T1/lmtt/m/n/12 ##   `C:\Users\bruker\Documents\Skole 2020\MSB205 - Termpaper
\maps\censusSHP\tracts10_shore.shp'[] 
 []


Package fancyhdr Warning: \headheight is too small (12.0pt): 
(fancyhdr)                Make it at least 14.49998pt, for example:
(fancyhdr)                \setlength{\headheight}{14.49998pt}.
(fancyhdr)                You might also make \topmargin smaller to compensate:

(fancyhdr)                \addtolength{\topmargin}{-2.49998pt}.

[9]

Package fancyhdr Warning: \headheight is too small (12.0pt): 
(fancyhdr)                Make it at least 14.49998pt, for example:
(fancyhdr)                \setlength{\headheight}{14.49998pt}.
(fancyhdr)                You might also make \topmargin smaller to compensate:

(fancyhdr)                \addtolength{\topmargin}{-2.49998pt}.

[10]
Overfull \hbox (79.82025pt too wide) in paragraph at lines 554--554
[]\T1/lmtt/m/n/12 ## Writing layer `kc_tracts10' to data source `maps/kc_tracts
10.gpkg' using driver `GPKG'[] 
 []


Package fancyhdr Warning: \headheight is too small (12.0pt): 
(fancyhdr)                Make it at least 14.49998pt, for example:
(fancyhdr)                \setlength{\headheight}{14.49998pt}.
(fancyhdr)                You might also make \topmargin smaller to compensate:

(fancyhdr)                \addtolength{\topmargin}{-2.49998pt}.

[11]
<screens/komgrense.jpg, id=202, 1156.32pt x 500.46976pt>
File: screens/komgrense.jpg Graphic file (type jpg)
<use screens/komgrense.jpg>
Package pdftex.def Info: screens/komgrense.jpg  used on input line 616.
(pdftex.def)             Requested size: 469.75385pt x 203.31532pt.
<screens/vannlinje.jpg, id=203, 1153.911pt x 519.1395pt>
File: screens/vannlinje.jpg Graphic file (type jpg)
<use screens/vannlinje.jpg>
Package pdftex.def Info: screens/vannlinje.jpg  used on input line 627.
(pdftex.def)             Requested size: 469.74359pt x 211.33557pt.

Package fancyhdr Warning: \headheight is too small (12.0pt): 
(fancyhdr)                Make it at least 14.49998pt, for example:
(fancyhdr)                \setlength{\headheight}{14.49998pt}.
(fancyhdr)                You might also make \topmargin smaller to compensate:

(fancyhdr)                \addtolength{\topmargin}{-2.49998pt}.

[12 <./screens/komgrense.jpg>]

Package fancyhdr Warning: \headheight is too small (12.0pt): 
(fancyhdr)                Make it at least 14.49998pt, for example:
(fancyhdr)                \setlength{\headheight}{14.49998pt}.
(fancyhdr)                You might also make \topmargin smaller to compensate:

(fancyhdr)                \addtolength{\topmargin}{-2.49998pt}.

[13 <./screens/vannlinje.jpg>]
<screens/knear3.jpg, id=216, 1156.32pt x 613.0905pt>
File: screens/knear3.jpg Graphic file (type jpg)
<use screens/knear3.jpg>
Package pdftex.def Info: screens/knear3.jpg  used on input line 681.
(pdftex.def)             Requested size: 469.75385pt x 249.0674pt.
<screens/high_low_kn3.jpg, id=217, 1156.32pt x 613.0905pt>
File: screens/high_low_kn3.jpg Graphic file (type jpg)
<use screens/high_low_kn3.jpg>
Package pdftex.def Info: screens/high_low_kn3.jpg  used on input line 688.
(pdftex.def)             Requested size: 469.75385pt x 249.0674pt.

Underfull \vbox (badness 5985) has occurred while \output is active []


Package fancyhdr Warning: \headheight is too small (12.0pt): 
(fancyhdr)                Make it at least 14.49998pt, for example:
(fancyhdr)                \setlength{\headheight}{14.49998pt}.
(fancyhdr)                You might also make \topmargin smaller to compensate:

(fancyhdr)                \addtolength{\topmargin}{-2.49998pt}.

[14 <./screens/knear3.jpg>]
<screens/high_high_kn3.jpg, id=225, 1156.32pt x 614.295pt>
File: screens/high_high_kn3.jpg Graphic file (type jpg)
<use screens/high_high_kn3.jpg>
Package pdftex.def Info: screens/high_high_kn3.jpg  used on input line 695.
(pdftex.def)             Requested size: 469.75385pt x 249.55672pt.

Package fancyhdr Warning: \headheight is too small (12.0pt): 
(fancyhdr)                Make it at least 14.49998pt, for example:
(fancyhdr)                \setlength{\headheight}{14.49998pt}.
(fancyhdr)                You might also make \topmargin smaller to compensate:

(fancyhdr)                \addtolength{\topmargin}{-2.49998pt}.

[15 <./screens/high_low_kn3.jpg> <./screens/high_high_kn3.jpg>]
<screens/low_high_kn3.jpg, id=232, 1156.32pt x 614.295pt>
File: screens/low_high_kn3.jpg Graphic file (type jpg)
<use screens/low_high_kn3.jpg>
Package pdftex.def Info: screens/low_high_kn3.jpg  used on input line 703.
(pdftex.def)             Requested size: 469.75385pt x 249.55672pt.
<screens/low_low_kn3.jpg, id=233, 1156.32pt x 612.48825pt>
File: screens/low_low_kn3.jpg Graphic file (type jpg)
<use screens/low_low_kn3.jpg>
Package pdftex.def Info: screens/low_low_kn3.jpg  used on input line 710.
(pdftex.def)             Requested size: 469.75385pt x 248.82274pt.

Package fancyhdr Warning: \headheight is too small (12.0pt): 
(fancyhdr)                Make it at least 14.49998pt, for example:
(fancyhdr)                \setlength{\headheight}{14.49998pt}.
(fancyhdr)                You might also make \topmargin smaller to compensate:

(fancyhdr)                \addtolength{\topmargin}{-2.49998pt}.

[16 <./screens/low_high_kn3.jpg> <./screens/low_low_kn3.jpg>]
<screens/knear10.jpg, id=240, 1156.32pt x 613.0905pt>
File: screens/knear10.jpg Graphic file (type jpg)
<use screens/knear10.jpg>
Package pdftex.def Info: screens/knear10.jpg  used on input line 717.
(pdftex.def)             Requested size: 469.75385pt x 249.0674pt.
<screens/high_low_kn10.jpg, id=241, 1156.32pt x 613.0905pt>
File: screens/high_low_kn10.jpg Graphic file (type jpg)
<use screens/high_low_kn10.jpg>
Package pdftex.def Info: screens/high_low_kn10.jpg  used on input line 724.
(pdftex.def)             Requested size: 469.75385pt x 249.0674pt.

Package fancyhdr Warning: \headheight is too small (12.0pt): 
(fancyhdr)                Make it at least 14.49998pt, for example:
(fancyhdr)                \setlength{\headheight}{14.49998pt}.
(fancyhdr)                You might also make \topmargin smaller to compensate:

(fancyhdr)                \addtolength{\topmargin}{-2.49998pt}.

[17 <./screens/knear10.jpg> <./screens/high_low_kn10.jpg>]
<screens/high_high_kn10.jpg, id=248, 1156.32pt x 613.0905pt>
File: screens/high_high_kn10.jpg Graphic file (type jpg)
<use screens/high_high_kn10.jpg>
Package pdftex.def Info: screens/high_high_kn10.jpg  used on input line 731.
(pdftex.def)             Requested size: 469.75385pt x 249.0674pt.
<screens/low_high_kn10.jpg, id=249, 1156.32pt x 613.0905pt>
File: screens/low_high_kn10.jpg Graphic file (type jpg)
<use screens/low_high_kn10.jpg>
Package pdftex.def Info: screens/low_high_kn10.jpg  used on input line 739.
(pdftex.def)             Requested size: 469.75385pt x 249.0674pt.

Package fancyhdr Warning: \headheight is too small (12.0pt): 
(fancyhdr)                Make it at least 14.49998pt, for example:
(fancyhdr)                \setlength{\headheight}{14.49998pt}.
(fancyhdr)                You might also make \topmargin smaller to compensate:

(fancyhdr)                \addtolength{\topmargin}{-2.49998pt}.

[18 <./screens/high_high_kn10.jpg> <./screens/low_high_kn10.jpg>]
<screens/low_low_kn10.jpg, id=256, 1156.32pt x 614.295pt>
File: screens/low_low_kn10.jpg Graphic file (type jpg)
<use screens/low_low_kn10.jpg>
Package pdftex.def Info: screens/low_low_kn10.jpg  used on input line 747.
(pdftex.def)             Requested size: 469.75385pt x 249.55672pt.
<screens/reg_test_geoda.jpg, id=257, 726.91576pt x 606.46574pt>
File: screens/reg_test_geoda.jpg Graphic file (type jpg)
<use screens/reg_test_geoda.jpg>
Package pdftex.def Info: screens/reg_test_geoda.jpg  used on input line 776.
(pdftex.def)             Requested size: 389.82225pt x 325.22867pt.

Package fancyhdr Warning: \headheight is too small (12.0pt): 
(fancyhdr)                Make it at least 14.49998pt, for example:
(fancyhdr)                \setlength{\headheight}{14.49998pt}.
(fancyhdr)                You might also make \topmargin smaller to compensate:

(fancyhdr)                \addtolength{\topmargin}{-2.49998pt}.

[19 <./screens/low_low_kn10.jpg>]

Package fancyhdr Warning: \headheight is too small (12.0pt): 
(fancyhdr)                Make it at least 14.49998pt, for example:
(fancyhdr)                \setlength{\headheight}{14.49998pt}.
(fancyhdr)                You might also make \topmargin smaller to compensate:

(fancyhdr)                \addtolength{\topmargin}{-2.49998pt}.

[20 <./screens/reg_test_geoda.jpg>]

LaTeX Warning: Float too large for page by 1769.95253pt on input line 1787.


Package fancyhdr Warning: \headheight is too small (12.0pt): 
(fancyhdr)                Make it at least 14.49998pt, for example:
(fancyhdr)                \setlength{\headheight}{14.49998pt}.
(fancyhdr)                You might also make \topmargin smaller to compensate:

(fancyhdr)                \addtolength{\topmargin}{-2.49998pt}.

[21]
<MSB205_King_County_Silje_Sofie_Karl-Gunnnar_files/figure-latex/unnamed-chunk-3
4-1.pdf, id=279, 216.81pt x 216.81pt>
File: MSB205_King_County_Silje_Sofie_Karl-Gunnnar_files/figure-latex/unnamed-ch
unk-34-1.pdf Graphic file (type pdf)
<use MSB205_King_County_Silje_Sofie_Karl-Gunnnar_files/figure-latex/unnamed-chu
nk-34-1.pdf>
Package pdftex.def Info: MSB205_King_County_Silje_Sofie_Karl-Gunnnar_files/figu
re-latex/unnamed-chunk-34-1.pdf  used on input line 1814.
(pdftex.def)             Requested size: 216.81938pt x 216.81938pt.
<MSB205_King_County_Silje_Sofie_Karl-Gunnnar_files/figure-latex/unnamed-chunk-3
4-2.pdf, id=280, 216.81pt x 216.81pt>
File: MSB205_King_County_Silje_Sofie_Karl-Gunnnar_files/figure-latex/unnamed-ch
unk-34-2.pdf Graphic file (type pdf)
<use MSB205_King_County_Silje_Sofie_Karl-Gunnnar_files/figure-latex/unnamed-chu
nk-34-2.pdf>
Package pdftex.def Info: MSB205_King_County_Silje_Sofie_Karl-Gunnnar_files/figu
re-latex/unnamed-chunk-34-2.pdf  used on input line 1815.
(pdftex.def)             Requested size: 216.81938pt x 216.81938pt.
<MSB205_King_County_Silje_Sofie_Karl-Gunnnar_files/figure-latex/unnamed-chunk-3
4-3.pdf, id=281, 216.81pt x 216.81pt>
File: MSB205_King_County_Silje_Sofie_Karl-Gunnnar_files/figure-latex/unnamed-ch
unk-34-3.pdf Graphic file (type pdf)
<use MSB205_King_County_Silje_Sofie_Karl-Gunnnar_files/figure-latex/unnamed-chu
nk-34-3.pdf>
Package pdftex.def Info: MSB205_King_County_Silje_Sofie_Karl-Gunnnar_files/figu
re-latex/unnamed-chunk-34-3.pdf  used on input line 1816.
(pdftex.def)             Requested size: 216.81938pt x 216.81938pt.
<MSB205_King_County_Silje_Sofie_Karl-Gunnnar_files/figure-latex/unnamed-chunk-3
4-4.pdf, id=282, 216.81pt x 216.81pt>
File: MSB205_King_County_Silje_Sofie_Karl-Gunnnar_files/figure-latex/unnamed-ch
unk-34-4.pdf Graphic file (type pdf)
<use MSB205_King_County_Silje_Sofie_Karl-Gunnnar_files/figure-latex/unnamed-chu
nk-34-4.pdf>
Package pdftex.def Info: MSB205_King_County_Silje_Sofie_Karl-Gunnnar_files/figu
re-latex/unnamed-chunk-34-4.pdf  used on input line 1817.
(pdftex.def)             Requested size: 216.81938pt x 216.81938pt.

Underfull \hbox (badness 10000) in paragraph at lines 1814--1818
[][] []
 []

<MSB205_King_County_Silje_Sofie_Karl-Gunnnar_files/figure-latex/unnamed-chunk-3
5-1.pdf, id=283, 216.81pt x 216.81pt>
File: MSB205_King_County_Silje_Sofie_Karl-Gunnnar_files/figure-latex/unnamed-ch
unk-35-1.pdf Graphic file (type pdf)
<use MSB205_King_County_Silje_Sofie_Karl-Gunnnar_files/figure-latex/unnamed-chu
nk-35-1.pdf>
Package pdftex.def Info: MSB205_King_County_Silje_Sofie_Karl-Gunnnar_files/figu
re-latex/unnamed-chunk-35-1.pdf  used on input line 1826.
(pdftex.def)             Requested size: 216.81938pt x 216.81938pt.
<MSB205_King_County_Silje_Sofie_Karl-Gunnnar_files/figure-latex/unnamed-chunk-3
5-2.pdf, id=284, 216.81pt x 216.81pt>
File: MSB205_King_County_Silje_Sofie_Karl-Gunnnar_files/figure-latex/unnamed-ch
unk-35-2.pdf Graphic file (type pdf)
<use MSB205_King_County_Silje_Sofie_Karl-Gunnnar_files/figure-latex/unnamed-chu
nk-35-2.pdf>
Package pdftex.def Info: MSB205_King_County_Silje_Sofie_Karl-Gunnnar_files/figu
re-latex/unnamed-chunk-35-2.pdf  used on input line 1827.
(pdftex.def)             Requested size: 216.81938pt x 216.81938pt.
<MSB205_King_County_Silje_Sofie_Karl-Gunnnar_files/figure-latex/unnamed-chunk-3
5-3.pdf, id=285, 216.81pt x 216.81pt>
File: MSB205_King_County_Silje_Sofie_Karl-Gunnnar_files/figure-latex/unnamed-ch
unk-35-3.pdf Graphic file (type pdf)
<use MSB205_King_County_Silje_Sofie_Karl-Gunnnar_files/figure-latex/unnamed-chu
nk-35-3.pdf>
Package pdftex.def Info: MSB205_King_County_Silje_Sofie_Karl-Gunnnar_files/figu
re-latex/unnamed-chunk-35-3.pdf  used on input line 1828.
(pdftex.def)             Requested size: 216.81938pt x 216.81938pt.
<MSB205_King_County_Silje_Sofie_Karl-Gunnnar_files/figure-latex/unnamed-chunk-3
5-4.pdf, id=286, 216.81pt x 216.81pt>
File: MSB205_King_County_Silje_Sofie_Karl-Gunnnar_files/figure-latex/unnamed-ch
unk-35-4.pdf Graphic file (type pdf)
<use MSB205_King_County_Silje_Sofie_Karl-Gunnnar_files/figure-latex/unnamed-chu
nk-35-4.pdf>
Package pdftex.def Info: MSB205_King_County_Silje_Sofie_Karl-Gunnnar_files/figu
re-latex/unnamed-chunk-35-4.pdf  used on input line 1829.
(pdftex.def)             Requested size: 216.81938pt x 216.81938pt.

Underfull \hbox (badness 10000) in paragraph at lines 1826--1830
[][] []
 []


Underfull \vbox (badness 2538) has occurred while \output is active []


Package fancyhdr Warning: \headheight is too small (12.0pt): 
(fancyhdr)                Make it at least 14.49998pt, for example:
(fancyhdr)                \setlength{\headheight}{14.49998pt}.
(fancyhdr)                You might also make \topmargin smaller to compensate:

(fancyhdr)                \addtolength{\topmargin}{-2.49998pt}.

[22 <./MSB205_King_County_Silje_Sofie_Karl-Gunnnar_files/figure-latex/unnamed-c
hunk-34-1.pdf> <./MSB205_King_County_Silje_Sofie_Karl-Gunnnar_files/figure-late
x/unnamed-chunk-34-2.pdf> <./MSB205_King_County_Silje_Sofie_Karl-Gunnnar_files/
figure-latex/unnamed-chunk-34-3.pdf> <./MSB205_King_County_Silje_Sofie_Karl-Gun
nnar_files/figure-latex/unnamed-chunk-34-4.pdf>]
<MSB205_King_County_Silje_Sofie_Karl-Gunnnar_files/figure-latex/unnamed-chunk-3
6-1.pdf, id=313, 216.81pt x 216.81pt>
File: MSB205_King_County_Silje_Sofie_Karl-Gunnnar_files/figure-latex/unnamed-ch
unk-36-1.pdf Graphic file (type pdf)
<use MSB205_King_County_Silje_Sofie_Karl-Gunnnar_files/figure-latex/unnamed-chu
nk-36-1.pdf>
Package pdftex.def Info: MSB205_King_County_Silje_Sofie_Karl-Gunnnar_files/figu
re-latex/unnamed-chunk-36-1.pdf  used on input line 1838.
(pdftex.def)             Requested size: 216.81938pt x 216.81938pt.
<MSB205_King_County_Silje_Sofie_Karl-Gunnnar_files/figure-latex/unnamed-chunk-3
6-2.pdf, id=314, 216.81pt x 216.81pt>
File: MSB205_King_County_Silje_Sofie_Karl-Gunnnar_files/figure-latex/unnamed-ch
unk-36-2.pdf Graphic file (type pdf)
<use MSB205_King_County_Silje_Sofie_Karl-Gunnnar_files/figure-latex/unnamed-chu
nk-36-2.pdf>
Package pdftex.def Info: MSB205_King_County_Silje_Sofie_Karl-Gunnnar_files/figu
re-latex/unnamed-chunk-36-2.pdf  used on input line 1839.
(pdftex.def)             Requested size: 216.81938pt x 216.81938pt.
<MSB205_King_County_Silje_Sofie_Karl-Gunnnar_files/figure-latex/unnamed-chunk-3
6-3.pdf, id=315, 216.81pt x 216.81pt>
File: MSB205_King_County_Silje_Sofie_Karl-Gunnnar_files/figure-latex/unnamed-ch
unk-36-3.pdf Graphic file (type pdf)
<use MSB205_King_County_Silje_Sofie_Karl-Gunnnar_files/figure-latex/unnamed-chu
nk-36-3.pdf>
Package pdftex.def Info: MSB205_King_County_Silje_Sofie_Karl-Gunnnar_files/figu
re-latex/unnamed-chunk-36-3.pdf  used on input line 1840.
(pdftex.def)             Requested size: 216.81938pt x 216.81938pt.
<MSB205_King_County_Silje_Sofie_Karl-Gunnnar_files/figure-latex/unnamed-chunk-3
6-4.pdf, id=316, 216.81pt x 216.81pt>
File: MSB205_King_County_Silje_Sofie_Karl-Gunnnar_files/figure-latex/unnamed-ch
unk-36-4.pdf Graphic file (type pdf)
<use MSB205_King_County_Silje_Sofie_Karl-Gunnnar_files/figure-latex/unnamed-chu
nk-36-4.pdf>
Package pdftex.def Info: MSB205_King_County_Silje_Sofie_Karl-Gunnnar_files/figu
re-latex/unnamed-chunk-36-4.pdf  used on input line 1841.
(pdftex.def)             Requested size: 216.81938pt x 216.81938pt.

Underfull \hbox (badness 10000) in paragraph at lines 1838--1842
[][] []
 []


Underfull \vbox (badness 10000) has occurred while \output is active []


Package fancyhdr Warning: \headheight is too small (12.0pt): 
(fancyhdr)                Make it at least 14.49998pt, for example:
(fancyhdr)                \setlength{\headheight}{14.49998pt}.
(fancyhdr)                You might also make \topmargin smaller to compensate:

(fancyhdr)                \addtolength{\topmargin}{-2.49998pt}.

[23 <./MSB205_King_County_Silje_Sofie_Karl-Gunnnar_files/figure-latex/unnamed-c
hunk-35-1.pdf> <./MSB205_King_County_Silje_Sofie_Karl-Gunnnar_files/figure-late
x/unnamed-chunk-35-2.pdf> <./MSB205_King_County_Silje_Sofie_Karl-Gunnnar_files/
figure-latex/unnamed-chunk-35-3.pdf> <./MSB205_King_County_Silje_Sofie_Karl-Gun
nnar_files/figure-latex/unnamed-chunk-35-4.pdf>]

Package fancyhdr Warning: \headheight is too small (12.0pt): 
(fancyhdr)                Make it at least 14.49998pt, for example:
(fancyhdr)                \setlength{\headheight}{14.49998pt}.
(fancyhdr)                You might also make \topmargin smaller to compensate:

(fancyhdr)                \addtolength{\topmargin}{-2.49998pt}.

[24 <./MSB205_King_County_Silje_Sofie_Karl-Gunnnar_files/figure-latex/unnamed-c
hunk-36-1.pdf> <./MSB205_King_County_Silje_Sofie_Karl-Gunnnar_files/figure-late
x/unnamed-chunk-36-2.pdf> <./MSB205_King_County_Silje_Sofie_Karl-Gunnnar_files/
figure-latex/unnamed-chunk-36-3.pdf> <./MSB205_King_County_Silje_Sofie_Karl-Gun
nnar_files/figure-latex/unnamed-chunk-36-4.pdf>]

Package fancyhdr Warning: \headheight is too small (12.0pt): 
(fancyhdr)                Make it at least 14.49998pt, for example:
(fancyhdr)                \setlength{\headheight}{14.49998pt}.
(fancyhdr)                You might also make \topmargin smaller to compensate:

(fancyhdr)                \addtolength{\topmargin}{-2.49998pt}.

[25]
Overfull \hbox (85.97424pt too wide) in paragraph at lines 2076--2076
[]\T1/lmtt/m/n/12 ##   `C:\Users\bruker\Documents\Skole 2020\MSB205 - Termpaper
\data\kc_house_data_666.gpkg'[] 
 []


Package fancyhdr Warning: \headheight is too small (12.0pt): 
(fancyhdr)                Make it at least 14.49998pt, for example:
(fancyhdr)                \setlength{\headheight}{14.49998pt}.
(fancyhdr)                You might also make \topmargin smaller to compensate:

(fancyhdr)                \addtolength{\topmargin}{-2.49998pt}.

[26]

LaTeX Warning: Float too large for page by 932.95857pt on input line 2669.


Package fancyhdr Warning: \headheight is too small (12.0pt): 
(fancyhdr)                Make it at least 14.49998pt, for example:
(fancyhdr)                \setlength{\headheight}{14.49998pt}.
(fancyhdr)                You might also make \topmargin smaller to compensate:

(fancyhdr)                \addtolength{\topmargin}{-2.49998pt}.

[27]
<MSB205_King_County_Silje_Sofie_Karl-Gunnnar_files/figure-latex/unnamed-chunk-4
6-1.pdf, id=382, 469.755pt x 325.215pt>
File: MSB205_King_County_Silje_Sofie_Karl-Gunnnar_files/figure-latex/unnamed-ch
unk-46-1.pdf Graphic file (type pdf)
<use MSB205_King_County_Silje_Sofie_Karl-Gunnnar_files/figure-latex/unnamed-chu
nk-46-1.pdf>
Package pdftex.def Info: MSB205_King_County_Silje_Sofie_Karl-Gunnnar_files/figu
re-latex/unnamed-chunk-46-1.pdf  used on input line 2734.
(pdftex.def)             Requested size: 469.75386pt x 325.2142pt.

Underfull \vbox (badness 10000) has occurred while \output is active []


Package fancyhdr Warning: \headheight is too small (12.0pt): 
(fancyhdr)                Make it at least 14.49998pt, for example:
(fancyhdr)                \setlength{\headheight}{14.49998pt}.
(fancyhdr)                You might also make \topmargin smaller to compensate:

(fancyhdr)                \addtolength{\topmargin}{-2.49998pt}.

[28]
<MSB205_King_County_Silje_Sofie_Karl-Gunnnar_files/figure-latex/unnamed-chunk-4
7-1.pdf, id=387, 469.755pt x 325.215pt>
File: MSB205_King_County_Silje_Sofie_Karl-Gunnnar_files/figure-latex/unnamed-ch
unk-47-1.pdf Graphic file (type pdf)
<use MSB205_King_County_Silje_Sofie_Karl-Gunnnar_files/figure-latex/unnamed-chu
nk-47-1.pdf>
Package pdftex.def Info: MSB205_King_County_Silje_Sofie_Karl-Gunnnar_files/figu
re-latex/unnamed-chunk-47-1.pdf  used on input line 2742.
(pdftex.def)             Requested size: 469.75386pt x 325.2142pt.

Underfull \vbox (badness 10000) has occurred while \output is active []


Package fancyhdr Warning: \headheight is too small (12.0pt): 
(fancyhdr)                Make it at least 14.49998pt, for example:
(fancyhdr)                \setlength{\headheight}{14.49998pt}.
(fancyhdr)                You might also make \topmargin smaller to compensate:

(fancyhdr)                \addtolength{\topmargin}{-2.49998pt}.

[29 <./MSB205_King_County_Silje_Sofie_Karl-Gunnnar_files/figure-latex/unnamed-c
hunk-46-1.pdf>]

Package fancyhdr Warning: \headheight is too small (12.0pt): 
(fancyhdr)                Make it at least 14.49998pt, for example:
(fancyhdr)                \setlength{\headheight}{14.49998pt}.
(fancyhdr)                You might also make \topmargin smaller to compensate:

(fancyhdr)                \addtolength{\topmargin}{-2.49998pt}.

[30 <./MSB205_King_County_Silje_Sofie_Karl-Gunnnar_files/figure-latex/unnamed-c
hunk-47-1.pdf>]
Underfull \vbox (badness 10000) has occurred while \output is active []


Package fancyhdr Warning: \headheight is too small (12.0pt): 
(fancyhdr)                Make it at least 14.49998pt, for example:
(fancyhdr)                \setlength{\headheight}{14.49998pt}.
(fancyhdr)                You might also make \topmargin smaller to compensate:

(fancyhdr)                \addtolength{\topmargin}{-2.49998pt}.

[31]

Package fancyhdr Warning: \headheight is too small (12.0pt): 
(fancyhdr)                Make it at least 14.49998pt, for example:
(fancyhdr)                \setlength{\headheight}{14.49998pt}.
(fancyhdr)                You might also make \topmargin smaller to compensate:

(fancyhdr)                \addtolength{\topmargin}{-2.49998pt}.

[32]
Underfull \vbox (badness 1845) has occurred while \output is active []


Package fancyhdr Warning: \headheight is too small (12.0pt): 
(fancyhdr)                Make it at least 14.49998pt, for example:
(fancyhdr)                \setlength{\headheight}{14.49998pt}.
(fancyhdr)                You might also make \topmargin smaller to compensate:

(fancyhdr)                \addtolength{\topmargin}{-2.49998pt}.

[33]
Overfull \hbox (672.56451pt too wide) in paragraph at lines 2885--2885
[]\T1/lmtt/m/n/12 ## Warning in errorsarlm(mod3, data = kc_house_data_666, list
w = kc_house_data_666_W, : inversion of asymptotic covariance matrix failed for
 tol.solve = 0.000000000000000222044604925031[] 
 []


Overfull \hbox (672.56451pt too wide) in paragraph at lines 2909--2909
[]\T1/lmtt/m/n/12 ## Warning in errorsarlm(mod3, data = kc_house_data_666, list
w = kc_house_data_666_W, : inversion of asymptotic covariance matrix failed for
 tol.solve = 0.000000000000000222044604925031[] 
 []


Package fancyhdr Warning: \headheight is too small (12.0pt): 
(fancyhdr)                Make it at least 14.49998pt, for example:
(fancyhdr)                \setlength{\headheight}{14.49998pt}.
(fancyhdr)                You might also make \topmargin smaller to compensate:

(fancyhdr)                \addtolength{\topmargin}{-2.49998pt}.

[34]

Package fancyhdr Warning: \headheight is too small (12.0pt): 
(fancyhdr)                Make it at least 14.49998pt, for example:
(fancyhdr)                \setlength{\headheight}{14.49998pt}.
(fancyhdr)                You might also make \topmargin smaller to compensate:

(fancyhdr)                \addtolength{\topmargin}{-2.49998pt}.

[35]
Underfull \vbox (badness 10000) has occurred while \output is active []


Package fancyhdr Warning: \headheight is too small (12.0pt): 
(fancyhdr)                Make it at least 14.49998pt, for example:
(fancyhdr)                \setlength{\headheight}{14.49998pt}.
(fancyhdr)                You might also make \topmargin smaller to compensate:

(fancyhdr)                \addtolength{\topmargin}{-2.49998pt}.

[36]
Underfull \vbox (badness 10000) has occurred while \output is active []


Package fancyhdr Warning: \headheight is too small (12.0pt): 
(fancyhdr)                Make it at least 14.49998pt, for example:
(fancyhdr)                \setlength{\headheight}{14.49998pt}.
(fancyhdr)                You might also make \topmargin smaller to compensate:

(fancyhdr)                \addtolength{\topmargin}{-2.49998pt}.

[37]
Overfull \hbox (11.88821pt too wide) in paragraph at lines 3049--3049
[]\T1/lmtt/m/n/12 ## dist_cbd_km       0.35787192             0.0348351   < 0.0
00000000000000222[] 
 []


Underfull \vbox (badness 10000) has occurred while \output is active []


Package fancyhdr Warning: \headheight is too small (12.0pt): 
(fancyhdr)                Make it at least 14.49998pt, for example:
(fancyhdr)                \setlength{\headheight}{14.49998pt}.
(fancyhdr)                You might also make \topmargin smaller to compensate:

(fancyhdr)                \addtolength{\topmargin}{-2.49998pt}.

[38]

LaTeX Warning: Float too large for page by 979.45824pt on input line 3636.


Package fancyhdr Warning: \headheight is too small (12.0pt): 
(fancyhdr)                Make it at least 14.49998pt, for example:
(fancyhdr)                \setlength{\headheight}{14.49998pt}.
(fancyhdr)                You might also make \topmargin smaller to compensate:

(fancyhdr)                \addtolength{\topmargin}{-2.49998pt}.

[39]
Overfull \hbox (11.89522pt too wide) in paragraph at lines 3695--3695
[]\T1/lmtt/m/n/12 ## Log likelihood of spatial error model           Log likeli
hood of OLS fit y[] 
 []


Overfull \hbox (11.88821pt too wide) in paragraph at lines 3695--3695
[]\T1/lmtt/m/n/12 ##                             -25210.88                     
        -25364.37[] 
 []


Package fancyhdr Warning: \headheight is too small (12.0pt): 
(fancyhdr)                Make it at least 14.49998pt, for example:
(fancyhdr)                \setlength{\headheight}{14.49998pt}.
(fancyhdr)                You might also make \topmargin smaller to compensate:

(fancyhdr)                \addtolength{\topmargin}{-2.49998pt}.

[40]
<MSB205_King_County_Silje_Sofie_Karl-Gunnnar_files/figure-latex/unnamed-chunk-5
9-1.pdf, id=451, 469.755pt x 325.215pt>
File: MSB205_King_County_Silje_Sofie_Karl-Gunnnar_files/figure-latex/unnamed-ch
unk-59-1.pdf Graphic file (type pdf)
<use MSB205_King_County_Silje_Sofie_Karl-Gunnnar_files/figure-latex/unnamed-chu
nk-59-1.pdf>
Package pdftex.def Info: MSB205_King_County_Silje_Sofie_Karl-Gunnnar_files/figu
re-latex/unnamed-chunk-59-1.pdf  used on input line 3731.
(pdftex.def)             Requested size: 469.75386pt x 325.2142pt.
<MSB205_King_County_Silje_Sofie_Karl-Gunnnar_files/figure-latex/unnamed-chunk-6
0-1.pdf, id=452, 469.755pt x 325.215pt>
File: MSB205_King_County_Silje_Sofie_Karl-Gunnnar_files/figure-latex/unnamed-ch
unk-60-1.pdf Graphic file (type pdf)
<use MSB205_King_County_Silje_Sofie_Karl-Gunnnar_files/figure-latex/unnamed-chu
nk-60-1.pdf>
Package pdftex.def Info: MSB205_King_County_Silje_Sofie_Karl-Gunnnar_files/figu
re-latex/unnamed-chunk-60-1.pdf  used on input line 3739.
(pdftex.def)             Requested size: 469.75386pt x 325.2142pt.

Underfull \vbox (badness 2393) has occurred while \output is active []


Package fancyhdr Warning: \headheight is too small (12.0pt): 
(fancyhdr)                Make it at least 14.49998pt, for example:
(fancyhdr)                \setlength{\headheight}{14.49998pt}.
(fancyhdr)                You might also make \topmargin smaller to compensate:

(fancyhdr)                \addtolength{\topmargin}{-2.49998pt}.

[41 <./MSB205_King_County_Silje_Sofie_Karl-Gunnnar_files/figure-latex/unnamed-c
hunk-59-1.pdf>]

Package fancyhdr Warning: \headheight is too small (12.0pt): 
(fancyhdr)                Make it at least 14.49998pt, for example:
(fancyhdr)                \setlength{\headheight}{14.49998pt}.
(fancyhdr)                You might also make \topmargin smaller to compensate:

(fancyhdr)                \addtolength{\topmargin}{-2.49998pt}.

[42 <./MSB205_King_County_Silje_Sofie_Karl-Gunnnar_files/figure-latex/unnamed-c
hunk-60-1.pdf>]

LaTeX Warning: Float too large for page by 932.95857pt on input line 4430.


Overfull \hbox (42.77023pt too wide) in paragraph at lines 4445--4445
[]\T1/lmtt/m/n/12 ## Warning in knearneigh(kc_houses_env_var_omit_2000, k = 3):
 knearneigh: identical[] 
 []


Overfull \hbox (30.42023pt too wide) in paragraph at lines 4450--4450
[]\T1/lmtt/m/n/12 ## Warning in knearneigh(kc_houses_env_var_omit_2000, k = 3):
 knearneigh: kd_tree[] 
 []


Package fancyhdr Warning: \headheight is too small (12.0pt): 
(fancyhdr)                Make it at least 14.49998pt, for example:
(fancyhdr)                \setlength{\headheight}{14.49998pt}.
(fancyhdr)                You might also make \topmargin smaller to compensate:

(fancyhdr)                \addtolength{\topmargin}{-2.49998pt}.

[43]
Overfull \hbox (36.59523pt too wide) in paragraph at lines 4469--4469
[]\T1/lmtt/m/n/12 ## Warning in knearneigh(kc_houses_env_var_omit_2000, k = 10)
: knearneigh: kd_tree[] 
 []


Package fancyhdr Warning: \headheight is too small (12.0pt): 
(fancyhdr)                Make it at least 14.49998pt, for example:
(fancyhdr)                \setlength{\headheight}{14.49998pt}.
(fancyhdr)                You might also make \topmargin smaller to compensate:

(fancyhdr)                \addtolength{\topmargin}{-2.49998pt}.

[44]
<MSB205_King_County_Silje_Sofie_Karl-Gunnnar_files/figure-latex/unnamed-chunk-6
7-1.pdf, id=481, 469.755pt x 325.215pt>
File: MSB205_King_County_Silje_Sofie_Karl-Gunnnar_files/figure-latex/unnamed-ch
unk-67-1.pdf Graphic file (type pdf)
<use MSB205_King_County_Silje_Sofie_Karl-Gunnnar_files/figure-latex/unnamed-chu
nk-67-1.pdf>
Package pdftex.def Info: MSB205_King_County_Silje_Sofie_Karl-Gunnnar_files/figu
re-latex/unnamed-chunk-67-1.pdf  used on input line 4528.
(pdftex.def)             Requested size: 469.75386pt x 325.2142pt.

Underfull \vbox (badness 10000) has occurred while \output is active []


Package fancyhdr Warning: \headheight is too small (12.0pt): 
(fancyhdr)                Make it at least 14.49998pt, for example:
(fancyhdr)                \setlength{\headheight}{14.49998pt}.
(fancyhdr)                You might also make \topmargin smaller to compensate:

(fancyhdr)                \addtolength{\topmargin}{-2.49998pt}.

[45]
<MSB205_King_County_Silje_Sofie_Karl-Gunnnar_files/figure-latex/unnamed-chunk-6
8-1.pdf, id=486, 469.755pt x 325.215pt>
File: MSB205_King_County_Silje_Sofie_Karl-Gunnnar_files/figure-latex/unnamed-ch
unk-68-1.pdf Graphic file (type pdf)
<use MSB205_King_County_Silje_Sofie_Karl-Gunnnar_files/figure-latex/unnamed-chu
nk-68-1.pdf>
Package pdftex.def Info: MSB205_King_County_Silje_Sofie_Karl-Gunnnar_files/figu
re-latex/unnamed-chunk-68-1.pdf  used on input line 4536.
(pdftex.def)             Requested size: 469.75386pt x 325.2142pt.

Underfull \vbox (badness 10000) has occurred while \output is active []


Package fancyhdr Warning: \headheight is too small (12.0pt): 
(fancyhdr)                Make it at least 14.49998pt, for example:
(fancyhdr)                \setlength{\headheight}{14.49998pt}.
(fancyhdr)                You might also make \topmargin smaller to compensate:

(fancyhdr)                \addtolength{\topmargin}{-2.49998pt}.

[46 <./MSB205_King_County_Silje_Sofie_Karl-Gunnnar_files/figure-latex/unnamed-c
hunk-67-1.pdf>]

Package fancyhdr Warning: \headheight is too small (12.0pt): 
(fancyhdr)                Make it at least 14.49998pt, for example:
(fancyhdr)                \setlength{\headheight}{14.49998pt}.
(fancyhdr)                You might also make \topmargin smaller to compensate:

(fancyhdr)                \addtolength{\topmargin}{-2.49998pt}.

[47 <./MSB205_King_County_Silje_Sofie_Karl-Gunnnar_files/figure-latex/unnamed-c
hunk-68-1.pdf>]
Underfull \vbox (badness 10000) has occurred while \output is active []


Package fancyhdr Warning: \headheight is too small (12.0pt): 
(fancyhdr)                Make it at least 14.49998pt, for example:
(fancyhdr)                \setlength{\headheight}{14.49998pt}.
(fancyhdr)                You might also make \topmargin smaller to compensate:

(fancyhdr)                \addtolength{\topmargin}{-2.49998pt}.

[48]

Package fancyhdr Warning: \headheight is too small (12.0pt): 
(fancyhdr)                Make it at least 14.49998pt, for example:
(fancyhdr)                \setlength{\headheight}{14.49998pt}.
(fancyhdr)                You might also make \topmargin smaller to compensate:

(fancyhdr)                \addtolength{\topmargin}{-2.49998pt}.

[49]

Package fancyhdr Warning: \headheight is too small (12.0pt): 
(fancyhdr)                Make it at least 14.49998pt, for example:
(fancyhdr)                \setlength{\headheight}{14.49998pt}.
(fancyhdr)                You might also make \topmargin smaller to compensate:

(fancyhdr)                \addtolength{\topmargin}{-2.49998pt}.

[50]
Overfull \hbox (740.53157pt too wide) in paragraph at lines 4663--4663
[]\T1/lmtt/m/n/12 ## Warning in errorsarlm(mod3, data = kc_houses_env_var_omit_
2000, listw = kc_house_data_2000_W, : inversion of asymptotic covariance matrix
 failed for tol.solve = 0.000000000000000222044604925031[] 
 []


Overfull \hbox (740.53157pt too wide) in paragraph at lines 4685--4685
[]\T1/lmtt/m/n/12 ## Warning in errorsarlm(mod3, data = kc_houses_env_var_omit_
2000, listw = kc_house_data_2000_W, : inversion of asymptotic covariance matrix
 failed for tol.solve = 0.000000000000000222044604925031[] 
 []


Package fancyhdr Warning: \headheight is too small (12.0pt): 
(fancyhdr)                Make it at least 14.49998pt, for example:
(fancyhdr)                \setlength{\headheight}{14.49998pt}.
(fancyhdr)                You might also make \topmargin smaller to compensate:

(fancyhdr)                \addtolength{\topmargin}{-2.49998pt}.

[51]
Underfull \vbox (badness 10000) has occurred while \output is active []


Package fancyhdr Warning: \headheight is too small (12.0pt): 
(fancyhdr)                Make it at least 14.49998pt, for example:
(fancyhdr)                \setlength{\headheight}{14.49998pt}.
(fancyhdr)                You might also make \topmargin smaller to compensate:

(fancyhdr)                \addtolength{\topmargin}{-2.49998pt}.

[52]
Underfull \vbox (badness 10000) has occurred while \output is active []


Package fancyhdr Warning: \headheight is too small (12.0pt): 
(fancyhdr)                Make it at least 14.49998pt, for example:
(fancyhdr)                \setlength{\headheight}{14.49998pt}.
(fancyhdr)                You might also make \topmargin smaller to compensate:

(fancyhdr)                \addtolength{\topmargin}{-2.49998pt}.

[53]
Underfull \vbox (badness 10000) has occurred while \output is active []


Package fancyhdr Warning: \headheight is too small (12.0pt): 
(fancyhdr)                Make it at least 14.49998pt, for example:
(fancyhdr)                \setlength{\headheight}{14.49998pt}.
(fancyhdr)                You might also make \topmargin smaller to compensate:

(fancyhdr)                \addtolength{\topmargin}{-2.49998pt}.

[54]
Overfull \hbox (5.7062pt too wide) in paragraph at lines 4825--4825
[]\T1/lmtt/m/n/12 ## dist_cbd_km       0.65055265             0.18111554 < 0.00
0000000000000222[] 
 []


Package fancyhdr Warning: \headheight is too small (12.0pt): 
(fancyhdr)                Make it at least 14.49998pt, for example:
(fancyhdr)                \setlength{\headheight}{14.49998pt}.
(fancyhdr)                You might also make \topmargin smaller to compensate:

(fancyhdr)                \addtolength{\topmargin}{-2.49998pt}.

[55]

LaTeX Warning: Float too large for page by 979.45824pt on input line 5412.


Package fancyhdr Warning: \headheight is too small (12.0pt): 
(fancyhdr)                Make it at least 14.49998pt, for example:
(fancyhdr)                \setlength{\headheight}{14.49998pt}.
(fancyhdr)                You might also make \topmargin smaller to compensate:

(fancyhdr)                \addtolength{\topmargin}{-2.49998pt}.

[56]
Overfull \hbox (11.89522pt too wide) in paragraph at lines 5467--5467
[]\T1/lmtt/m/n/12 ## Log likelihood of spatial error model           Log likeli
hood of OLS fit y[] 
 []


Overfull \hbox (11.8672pt too wide) in paragraph at lines 5467--5467
[]\T1/lmtt/m/n/12 ##                             -26808.11                     
        -26988.60[] 
 []

<MSB205_King_County_Silje_Sofie_Karl-Gunnnar_files/figure-latex/unnamed-chunk-8
0-1.pdf, id=543, 469.755pt x 325.215pt>
File: MSB205_King_County_Silje_Sofie_Karl-Gunnnar_files/figure-latex/unnamed-ch
unk-80-1.pdf Graphic file (type pdf)
<use MSB205_King_County_Silje_Sofie_Karl-Gunnnar_files/figure-latex/unnamed-chu
nk-80-1.pdf>
Package pdftex.def Info: MSB205_King_County_Silje_Sofie_Karl-Gunnnar_files/figu
re-latex/unnamed-chunk-80-1.pdf  used on input line 5503.
(pdftex.def)             Requested size: 469.75386pt x 325.2142pt.

Underfull \vbox (badness 2103) has occurred while \output is active []


Package fancyhdr Warning: \headheight is too small (12.0pt): 
(fancyhdr)                Make it at least 14.49998pt, for example:
(fancyhdr)                \setlength{\headheight}{14.49998pt}.
(fancyhdr)                You might also make \topmargin smaller to compensate:

(fancyhdr)                \addtolength{\topmargin}{-2.49998pt}.

[57]
<MSB205_King_County_Silje_Sofie_Karl-Gunnnar_files/figure-latex/unnamed-chunk-8
1-1.pdf, id=548, 469.755pt x 325.215pt>
File: MSB205_King_County_Silje_Sofie_Karl-Gunnnar_files/figure-latex/unnamed-ch
unk-81-1.pdf Graphic file (type pdf)
<use MSB205_King_County_Silje_Sofie_Karl-Gunnnar_files/figure-latex/unnamed-chu
nk-81-1.pdf>
Package pdftex.def Info: MSB205_King_County_Silje_Sofie_Karl-Gunnnar_files/figu
re-latex/unnamed-chunk-81-1.pdf  used on input line 5511.
(pdftex.def)             Requested size: 469.75386pt x 325.2142pt.

Underfull \vbox (badness 10000) has occurred while \output is active []


Package fancyhdr Warning: \headheight is too small (12.0pt): 
(fancyhdr)                Make it at least 14.49998pt, for example:
(fancyhdr)                \setlength{\headheight}{14.49998pt}.
(fancyhdr)                You might also make \topmargin smaller to compensate:

(fancyhdr)                \addtolength{\topmargin}{-2.49998pt}.

[58 <./MSB205_King_County_Silje_Sofie_Karl-Gunnnar_files/figure-latex/unnamed-c
hunk-80-1.pdf>]

Package fancyhdr Warning: \headheight is too small (12.0pt): 
(fancyhdr)                Make it at least 14.49998pt, for example:
(fancyhdr)                \setlength{\headheight}{14.49998pt}.
(fancyhdr)                You might also make \topmargin smaller to compensate:

(fancyhdr)                \addtolength{\topmargin}{-2.49998pt}.

[59 <./MSB205_King_County_Silje_Sofie_Karl-Gunnnar_files/figure-latex/unnamed-c
hunk-81-1.pdf>]

Package fancyhdr Warning: \headheight is too small (12.0pt): 
(fancyhdr)                Make it at least 14.49998pt, for example:
(fancyhdr)                \setlength{\headheight}{14.49998pt}.
(fancyhdr)                You might also make \topmargin smaller to compensate:

(fancyhdr)                \addtolength{\topmargin}{-2.49998pt}.

[60]

Package fancyhdr Warning: \headheight is too small (12.0pt): 
(fancyhdr)                Make it at least 14.49998pt, for example:
(fancyhdr)                \setlength{\headheight}{14.49998pt}.
(fancyhdr)                You might also make \topmargin smaller to compensate:

(fancyhdr)                \addtolength{\topmargin}{-2.49998pt}.

[61]

Package fancyhdr Warning: \headheight is too small (12.0pt): 
(fancyhdr)                Make it at least 14.49998pt, for example:
(fancyhdr)                \setlength{\headheight}{14.49998pt}.
(fancyhdr)                You might also make \topmargin smaller to compensate:

(fancyhdr)                \addtolength{\topmargin}{-2.49998pt}.

[62]

Package fancyhdr Warning: \headheight is too small (12.0pt): 
(fancyhdr)                Make it at least 14.49998pt, for example:
(fancyhdr)                \setlength{\headheight}{14.49998pt}.
(fancyhdr)                You might also make \topmargin smaller to compensate:

(fancyhdr)                \addtolength{\topmargin}{-2.49998pt}.

[63]

Package fancyhdr Warning: \headheight is too small (12.0pt): 
(fancyhdr)                Make it at least 14.49998pt, for example:
(fancyhdr)                \setlength{\headheight}{14.49998pt}.
(fancyhdr)                You might also make \topmargin smaller to compensate:

(fancyhdr)                \addtolength{\topmargin}{-2.49998pt}.

[64]

Package fancyhdr Warning: \headheight is too small (12.0pt): 
(fancyhdr)                Make it at least 14.49998pt, for example:
(fancyhdr)                \setlength{\headheight}{14.49998pt}.
(fancyhdr)                You might also make \topmargin smaller to compensate:

(fancyhdr)                \addtolength{\topmargin}{-2.49998pt}.

[65]

Package fancyhdr Warning: \headheight is too small (12.0pt): 
(fancyhdr)                Make it at least 14.49998pt, for example:
(fancyhdr)                \setlength{\headheight}{14.49998pt}.
(fancyhdr)                You might also make \topmargin smaller to compensate:

(fancyhdr)                \addtolength{\topmargin}{-2.49998pt}.

[66] (./MSB205_King_County_Silje_Sofie_Karl-Gunnnar.aux)
Package rerunfilecheck Info: File `MSB205_King_County_Silje_Sofie_Karl-Gunnnar.
out' has not changed.
(rerunfilecheck)             Checksum: F4A764B09AA36A597309BD8869E2FD08;5094.
 ) 
Here is how much of TeX's memory you used:
 17709 strings out of 480539
 320887 string characters out of 5901052
 940669 words of memory out of 5000000
 34886 multiletter control sequences out of 15000+600000
 458335 words of font info for 71 fonts, out of 8000000 for 9000
 14 hyphenation exceptions out of 8191
 70i,13n,81p,538b,903s stack positions out of 5000i,500n,10000p,200000b,80000s
{c:/Users/bruker/AppData/Roaming/TinyTeX/texmf-dist/fonts/enc/dvips/lm/lm-rm.
enc}{c:/Users/bruker/AppData/Roaming/TinyTeX/texmf-dist/fonts/enc/dvips/lm/lm-m
athit.enc}{c:/Users/bruker/AppData/Roaming/TinyTeX/texmf-dist/fonts/enc/dvips/l
m/lm-ec.enc}<c:/Users/bruker/AppData/Roaming/TinyTeX/texmf-dist/fonts/type1/pub
lic/lm/lmbx12.pfb><c:/Users/bruker/AppData/Roaming/TinyTeX/texmf-dist/fonts/typ
e1/public/lm/lmbxi10.pfb><c:/Users/bruker/AppData/Roaming/TinyTeX/texmf-dist/fo
nts/type1/public/lm/lmmi12.pfb><c:/Users/bruker/AppData/Roaming/TinyTeX/texmf-d
ist/fonts/type1/public/lm/lmr12.pfb><c:/Users/bruker/AppData/Roaming/TinyTeX/te
xmf-dist/fonts/type1/public/lm/lmr17.pfb><c:/Users/bruker/AppData/Roaming/TinyT
eX/texmf-dist/fonts/type1/public/lm/lmr8.pfb><c:/Users/bruker/AppData/Roaming/T
inyTeX/texmf-dist/fonts/type1/public/lm/lmri12.pfb><c:/Users/bruker/AppData/Roa
ming/TinyTeX/texmf-dist/fonts/type1/public/lm/lmtt12.pfb><c:/Users/bruker/AppDa
ta/Roaming/TinyTeX/texmf-dist/fonts/type1/public/lm/lmtti10.pfb>
Output written on MSB205_King_County_Silje_Sofie_Karl-Gunnnar.pdf (66 pages, 18
910161 bytes).
PDF statistics:
 698 PDF objects out of 1000 (max. 8388607)
 551 compressed objects within 6 object streams
 145 named destinations out of 1000 (max. 500000)
 395 words of extra memory for PDF output out of 10000 (max. 10000000)

